{"/Users/mauricionoriega/M3_frontend/src/App.jsx": {"path":"/Users/mauricionoriega/M3_frontend/src/App.jsx","statementMap":{"0":{"start":{"line":11,"column":2},"end":{"line":23,"column":4}}},"fnMap":{"0":{"name":"App","decl":{"start":{"line":10,"column":9},"end":{"line":10,"column":12}},"loc":{"start":{"line":10,"column":15},"end":{"line":24,"column":1}},"line":10}},"branchMap":{},"s":{"0":0},"f":{"0":0},"b":{}}
,"/Users/mauricionoriega/M3_frontend/src/Dashboard.jsx": {"path":"/Users/mauricionoriega/M3_frontend/src/Dashboard.jsx","statementMap":{"0":{"start":{"line":38,"column":14},"end":{"line":50,"column":2}},"1":{"start":{"line":52,"column":18},"end":{"line":416,"column":1}},"2":{"start":{"line":53,"column":19},"end":{"line":53,"column":32}},"3":{"start":{"line":54,"column":28},"end":{"line":54,"column":40}},"4":{"start":{"line":55,"column":32},"end":{"line":55,"column":46}},"5":{"start":{"line":56,"column":28},"end":{"line":56,"column":42}},"6":{"start":{"line":57,"column":38},"end":{"line":57,"column":53}},"7":{"start":{"line":58,"column":46},"end":{"line":58,"column":61}},"8":{"start":{"line":59,"column":40},"end":{"line":59,"column":54}},"9":{"start":{"line":60,"column":42},"end":{"line":60,"column":56}},"10":{"start":{"line":61,"column":34},"end":{"line":66,"column":4}},"11":{"start":{"line":67,"column":34},"end":{"line":71,"column":4}},"12":{"start":{"line":74,"column":2},"end":{"line":83,"column":17}},"13":{"start":{"line":75,"column":4},"end":{"line":78,"column":5}},"14":{"start":{"line":76,"column":6},"end":{"line":76,"column":25}},"15":{"start":{"line":77,"column":6},"end":{"line":77,"column":13}},"16":{"start":{"line":81,"column":17},"end":{"line":81,"column":45}},"17":{"start":{"line":82,"column":4},"end":{"line":82,"column":26}},"18":{"start":{"line":86,"column":21},"end":{"line":105,"column":3}},"19":{"start":{"line":87,"column":4},"end":{"line":87,"column":21}},"20":{"start":{"line":88,"column":4},"end":{"line":104,"column":5}},"21":{"start":{"line":89,"column":19},"end":{"line":89,"column":47}},"22":{"start":{"line":90,"column":6},"end":{"line":90,"column":21}},"23":{"start":{"line":91,"column":6},"end":{"line":91,"column":21}},"24":{"start":{"line":93,"column":6},"end":{"line":93,"column":28}},"25":{"start":{"line":94,"column":6},"end":{"line":94,"column":41}},"26":{"start":{"line":97,"column":6},"end":{"line":101,"column":7}},"27":{"start":{"line":99,"column":8},"end":{"line":99,"column":29}},"28":{"start":{"line":100,"column":8},"end":{"line":100,"column":27}},"29":{"start":{"line":103,"column":6},"end":{"line":103,"column":24}},"30":{"start":{"line":107,"column":2},"end":{"line":109,"column":9}},"31":{"start":{"line":108,"column":4},"end":{"line":108,"column":17}},"32":{"start":{"line":111,"column":28},"end":{"line":114,"column":3}},"33":{"start":{"line":112,"column":4},"end":{"line":112,"column":25}},"34":{"start":{"line":113,"column":4},"end":{"line":113,"column":24}},"35":{"start":{"line":116,"column":26},"end":{"line":125,"column":3}},"36":{"start":{"line":117,"column":4},"end":{"line":117,"column":25}},"37":{"start":{"line":118,"column":4},"end":{"line":123,"column":7}},"38":{"start":{"line":124,"column":4},"end":{"line":124,"column":28}},"39":{"start":{"line":127,"column":30},"end":{"line":142,"column":3}},"40":{"start":{"line":128,"column":4},"end":{"line":141,"column":5}},"41":{"start":{"line":129,"column":6},"end":{"line":129,"column":56}},"42":{"start":{"line":130,"column":6},"end":{"line":130,"column":19}},"43":{"start":{"line":131,"column":6},"end":{"line":131,"column":59}},"44":{"start":{"line":133,"column":6},"end":{"line":133,"column":41}},"45":{"start":{"line":135,"column":6},"end":{"line":138,"column":7}},"46":{"start":{"line":136,"column":8},"end":{"line":136,"column":29}},"47":{"start":{"line":137,"column":8},"end":{"line":137,"column":27}},"48":{"start":{"line":140,"column":6},"end":{"line":140,"column":27}},"49":{"start":{"line":144,"column":27},"end":{"line":150,"column":3}},"50":{"start":{"line":145,"column":28},"end":{"line":145,"column":36}},"51":{"start":{"line":146,"column":4},"end":{"line":149,"column":8}},"52":{"start":{"line":146,"column":25},"end":{"line":149,"column":5}},"53":{"start":{"line":152,"column":27},"end":{"line":173,"column":3}},"54":{"start":{"line":153,"column":4},"end":{"line":172,"column":5}},"55":{"start":{"line":155,"column":6},"end":{"line":160,"column":9}},"56":{"start":{"line":162,"column":6},"end":{"line":162,"column":59}},"57":{"start":{"line":163,"column":6},"end":{"line":163,"column":19}},"58":{"start":{"line":164,"column":6},"end":{"line":164,"column":31}},"59":{"start":{"line":166,"column":6},"end":{"line":166,"column":41}},"60":{"start":{"line":168,"column":6},"end":{"line":171,"column":7}},"61":{"start":{"line":169,"column":8},"end":{"line":169,"column":29}},"62":{"start":{"line":170,"column":8},"end":{"line":170,"column":27}},"63":{"start":{"line":175,"column":23},"end":{"line":178,"column":3}},"64":{"start":{"line":176,"column":4},"end":{"line":176,"column":25}},"65":{"start":{"line":177,"column":4},"end":{"line":177,"column":23}},"66":{"start":{"line":180,"column":23},"end":{"line":186,"column":3}},"67":{"start":{"line":181,"column":4},"end":{"line":185,"column":7}},"68":{"start":{"line":188,"column":30},"end":{"line":193,"column":3}},"69":{"start":{"line":189,"column":4},"end":{"line":192,"column":8}},"70":{"start":{"line":189,"column":25},"end":{"line":192,"column":5}},"71":{"start":{"line":196,"column":24},"end":{"line":199,"column":3}},"72":{"start":{"line":197,"column":4},"end":{"line":197,"column":36}},"73":{"start":{"line":197,"column":23},"end":{"line":197,"column":36}},"74":{"start":{"line":198,"column":4},"end":{"line":198,"column":86}},"75":{"start":{"line":201,"column":2},"end":{"line":415,"column":4}},"76":{"start":{"line":259,"column":20},"end":{"line":292,"column":31}},"77":{"start":{"line":280,"column":51},"end":{"line":280,"column":72}},"78":{"start":{"line":284,"column":41},"end":{"line":284,"column":64}},"79":{"start":{"line":310,"column":25},"end":{"line":310,"column":45}},"80":{"start":{"line":320,"column":35},"end":{"line":320,"column":55}},"81":{"start":{"line":332,"column":25},"end":{"line":332,"column":49}},"82":{"start":{"line":384,"column":35},"end":{"line":384,"column":59}}},"fnMap":{"0":{"name":"(anonymous_0)","decl":{"start":{"line":52,"column":18},"end":{"line":52,"column":19}},"loc":{"start":{"line":52,"column":24},"end":{"line":416,"column":1}},"line":52},"1":{"name":"(anonymous_1)","decl":{"start":{"line":74,"column":12},"end":{"line":74,"column":13}},"loc":{"start":{"line":74,"column":18},"end":{"line":83,"column":3}},"line":74},"2":{"name":"(anonymous_2)","decl":{"start":{"line":86,"column":21},"end":{"line":86,"column":22}},"loc":{"start":{"line":86,"column":33},"end":{"line":105,"column":3}},"line":86},"3":{"name":"(anonymous_3)","decl":{"start":{"line":107,"column":12},"end":{"line":107,"column":13}},"loc":{"start":{"line":107,"column":18},"end":{"line":109,"column":3}},"line":107},"4":{"name":"(anonymous_4)","decl":{"start":{"line":111,"column":28},"end":{"line":111,"column":29}},"loc":{"start":{"line":111,"column":38},"end":{"line":114,"column":3}},"line":111},"5":{"name":"(anonymous_5)","decl":{"start":{"line":116,"column":26},"end":{"line":116,"column":27}},"loc":{"start":{"line":116,"column":36},"end":{"line":125,"column":3}},"line":116},"6":{"name":"(anonymous_6)","decl":{"start":{"line":127,"column":30},"end":{"line":127,"column":31}},"loc":{"start":{"line":127,"column":42},"end":{"line":142,"column":3}},"line":127},"7":{"name":"(anonymous_7)","decl":{"start":{"line":144,"column":27},"end":{"line":144,"column":28}},"loc":{"start":{"line":144,"column":34},"end":{"line":150,"column":3}},"line":144},"8":{"name":"(anonymous_8)","decl":{"start":{"line":146,"column":16},"end":{"line":146,"column":17}},"loc":{"start":{"line":146,"column":25},"end":{"line":149,"column":5}},"line":146},"9":{"name":"(anonymous_9)","decl":{"start":{"line":152,"column":27},"end":{"line":152,"column":28}},"loc":{"start":{"line":152,"column":39},"end":{"line":173,"column":3}},"line":152},"10":{"name":"(anonymous_10)","decl":{"start":{"line":175,"column":23},"end":{"line":175,"column":24}},"loc":{"start":{"line":175,"column":29},"end":{"line":178,"column":3}},"line":175},"11":{"name":"(anonymous_11)","decl":{"start":{"line":180,"column":23},"end":{"line":180,"column":24}},"loc":{"start":{"line":180,"column":58},"end":{"line":186,"column":3}},"line":180},"12":{"name":"(anonymous_12)","decl":{"start":{"line":188,"column":30},"end":{"line":188,"column":31}},"loc":{"start":{"line":188,"column":36},"end":{"line":193,"column":3}},"line":188},"13":{"name":"(anonymous_13)","decl":{"start":{"line":189,"column":16},"end":{"line":189,"column":17}},"loc":{"start":{"line":189,"column":25},"end":{"line":192,"column":5}},"line":189},"14":{"name":"(anonymous_14)","decl":{"start":{"line":196,"column":24},"end":{"line":196,"column":25}},"loc":{"start":{"line":196,"column":34},"end":{"line":199,"column":3}},"line":196},"15":{"name":"(anonymous_15)","decl":{"start":{"line":258,"column":29},"end":{"line":258,"column":30}},"loc":{"start":{"line":259,"column":20},"end":{"line":292,"column":31}},"line":259},"16":{"name":"(anonymous_16)","decl":{"start":{"line":280,"column":45},"end":{"line":280,"column":46}},"loc":{"start":{"line":280,"column":51},"end":{"line":280,"column":72}},"line":280},"17":{"name":"(anonymous_17)","decl":{"start":{"line":284,"column":35},"end":{"line":284,"column":36}},"loc":{"start":{"line":284,"column":41},"end":{"line":284,"column":64}},"line":284},"18":{"name":"(anonymous_18)","decl":{"start":{"line":310,"column":19},"end":{"line":310,"column":20}},"loc":{"start":{"line":310,"column":25},"end":{"line":310,"column":45}},"line":310},"19":{"name":"(anonymous_19)","decl":{"start":{"line":320,"column":29},"end":{"line":320,"column":30}},"loc":{"start":{"line":320,"column":35},"end":{"line":320,"column":55}},"line":320},"20":{"name":"(anonymous_20)","decl":{"start":{"line":332,"column":19},"end":{"line":332,"column":20}},"loc":{"start":{"line":332,"column":25},"end":{"line":332,"column":49}},"line":332},"21":{"name":"(anonymous_21)","decl":{"start":{"line":384,"column":29},"end":{"line":384,"column":30}},"loc":{"start":{"line":384,"column":35},"end":{"line":384,"column":59}},"line":384}},"branchMap":{"0":{"loc":{"start":{"line":75,"column":4},"end":{"line":78,"column":5}},"type":"if","locations":[{"start":{"line":75,"column":4},"end":{"line":78,"column":5}},{"start":{},"end":{}}],"line":75},"1":{"loc":{"start":{"line":97,"column":6},"end":{"line":101,"column":7}},"type":"if","locations":[{"start":{"line":97,"column":6},"end":{"line":101,"column":7}},{"start":{},"end":{}}],"line":97},"2":{"loc":{"start":{"line":97,"column":10},"end":{"line":98,"column":86}},"type":"binary-expr","locations":[{"start":{"line":97,"column":10},"end":{"line":97,"column":37}},{"start":{"line":97,"column":41},"end":{"line":97,"column":68}},{"start":{"line":98,"column":10},"end":{"line":98,"column":46}},{"start":{"line":98,"column":50},"end":{"line":98,"column":86}}],"line":97},"3":{"loc":{"start":{"line":121,"column":12},"end":{"line":121,"column":27}},"type":"binary-expr","locations":[{"start":{"line":121,"column":12},"end":{"line":121,"column":21}},{"start":{"line":121,"column":25},"end":{"line":121,"column":27}}],"line":121},"4":{"loc":{"start":{"line":122,"column":16},"end":{"line":122,"column":35}},"type":"binary-expr","locations":[{"start":{"line":122,"column":16},"end":{"line":122,"column":29}},{"start":{"line":122,"column":33},"end":{"line":122,"column":35}}],"line":122},"5":{"loc":{"start":{"line":135,"column":6},"end":{"line":138,"column":7}},"type":"if","locations":[{"start":{"line":135,"column":6},"end":{"line":138,"column":7}},{"start":{},"end":{}}],"line":135},"6":{"loc":{"start":{"line":135,"column":10},"end":{"line":135,"column":68}},"type":"binary-expr","locations":[{"start":{"line":135,"column":10},"end":{"line":135,"column":37}},{"start":{"line":135,"column":41},"end":{"line":135,"column":68}}],"line":135},"7":{"loc":{"start":{"line":168,"column":6},"end":{"line":171,"column":7}},"type":"if","locations":[{"start":{"line":168,"column":6},"end":{"line":171,"column":7}},{"start":{},"end":{}}],"line":168},"8":{"loc":{"start":{"line":168,"column":10},"end":{"line":168,"column":68}},"type":"binary-expr","locations":[{"start":{"line":168,"column":10},"end":{"line":168,"column":37}},{"start":{"line":168,"column":41},"end":{"line":168,"column":68}}],"line":168},"9":{"loc":{"start":{"line":180,"column":33},"end":{"line":180,"column":53}},"type":"default-arg","locations":[{"start":{"line":180,"column":44},"end":{"line":180,"column":53}}],"line":180},"10":{"loc":{"start":{"line":197,"column":4},"end":{"line":197,"column":36}},"type":"if","locations":[{"start":{"line":197,"column":4},"end":{"line":197,"column":36}},{"start":{},"end":{}}],"line":197},"11":{"loc":{"start":{"line":198,"column":11},"end":{"line":198,"column":85}},"type":"binary-expr","locations":[{"start":{"line":198,"column":11},"end":{"line":198,"column":48}},{"start":{"line":198,"column":52},"end":{"line":198,"column":85}}],"line":198},"12":{"loc":{"start":{"line":229,"column":13},"end":{"line":233,"column":13}},"type":"binary-expr","locations":[{"start":{"line":229,"column":13},"end":{"line":229,"column":25}},{"start":{"line":230,"column":14},"end":{"line":232,"column":27}}],"line":229},"13":{"loc":{"start":{"line":231,"column":39},"end":{"line":231,"column":82}},"type":"binary-expr","locations":[{"start":{"line":231,"column":39},"end":{"line":231,"column":60}},{"start":{"line":231,"column":64},"end":{"line":231,"column":82}}],"line":231},"14":{"loc":{"start":{"line":236,"column":11},"end":{"line":304,"column":11}},"type":"cond-expr","locations":[{"start":{"line":237,"column":12},"end":{"line":239,"column":18}},{"start":{"line":240,"column":14},"end":{"line":304,"column":11}}],"line":236},"15":{"loc":{"start":{"line":240,"column":14},"end":{"line":304,"column":11}},"type":"cond-expr","locations":[{"start":{"line":241,"column":12},"end":{"line":243,"column":20}},{"start":{"line":245,"column":12},"end":{"line":303,"column":29}}],"line":240},"16":{"loc":{"start":{"line":261,"column":26},"end":{"line":261,"column":80}},"type":"cond-expr","locations":[{"start":{"line":261,"column":48},"end":{"line":261,"column":75}},{"start":{"line":261,"column":78},"end":{"line":261,"column":80}}],"line":261},"17":{"loc":{"start":{"line":266,"column":25},"end":{"line":274,"column":25}},"type":"binary-expr","locations":[{"start":{"line":266,"column":25},"end":{"line":266,"column":44}},{"start":{"line":267,"column":26},"end":{"line":273,"column":28}}],"line":266},"18":{"loc":{"start":{"line":287,"column":33},"end":{"line":287,"column":103}},"type":"cond-expr","locations":[{"start":{"line":287,"column":55},"end":{"line":287,"column":87}},{"start":{"line":287,"column":90},"end":{"line":287,"column":103}}],"line":287},"19":{"loc":{"start":{"line":294,"column":19},"end":{"line":300,"column":19}},"type":"binary-expr","locations":[{"start":{"line":294,"column":19},"end":{"line":294,"column":37}},{"start":{"line":295,"column":20},"end":{"line":299,"column":31}}],"line":294}},"s":{"0":0,"1":0,"2":0,"3":0,"4":0,"5":0,"6":0,"7":0,"8":0,"9":0,"10":0,"11":0,"12":0,"13":0,"14":0,"15":0,"16":0,"17":0,"18":0,"19":0,"20":0,"21":0,"22":0,"23":0,"24":0,"25":0,"26":0,"27":0,"28":0,"29":0,"30":0,"31":0,"32":0,"33":0,"34":0,"35":0,"36":0,"37":0,"38":0,"39":0,"40":0,"41":0,"42":0,"43":0,"44":0,"45":0,"46":0,"47":0,"48":0,"49":0,"50":0,"51":0,"52":0,"53":0,"54":0,"55":0,"56":0,"57":0,"58":0,"59":0,"60":0,"61":0,"62":0,"63":0,"64":0,"65":0,"66":0,"67":0,"68":0,"69":0,"70":0,"71":0,"72":0,"73":0,"74":0,"75":0,"76":0,"77":0,"78":0,"79":0,"80":0,"81":0,"82":0},"f":{"0":0,"1":0,"2":0,"3":0,"4":0,"5":0,"6":0,"7":0,"8":0,"9":0,"10":0,"11":0,"12":0,"13":0,"14":0,"15":0,"16":0,"17":0,"18":0,"19":0,"20":0,"21":0},"b":{"0":[0,0],"1":[0,0],"2":[0,0,0,0],"3":[0,0],"4":[0,0],"5":[0,0],"6":[0,0],"7":[0,0],"8":[0,0],"9":[0],"10":[0,0],"11":[0,0],"12":[0,0],"13":[0,0],"14":[0,0],"15":[0,0],"16":[0,0],"17":[0,0],"18":[0,0],"19":[0,0]}}
,"/Users/mauricionoriega/M3_frontend/src/LoginForm.jsx": {"path":"/Users/mauricionoriega/M3_frontend/src/LoginForm.jsx","statementMap":{"0":{"start":{"line":32,"column":14},"end":{"line":44,"column":2}},"1":{"start":{"line":46,"column":21},"end":{"line":295,"column":1}},"2":{"start":{"line":47,"column":19},"end":{"line":47,"column":32}},"3":{"start":{"line":48,"column":34},"end":{"line":51,"column":4}},"4":{"start":{"line":52,"column":30},"end":{"line":52,"column":42}},"5":{"start":{"line":53,"column":42},"end":{"line":53,"column":57}},"6":{"start":{"line":54,"column":36},"end":{"line":54,"column":51}},"7":{"start":{"line":55,"column":36},"end":{"line":55,"column":51}},"8":{"start":{"line":56,"column":42},"end":{"line":56,"column":54}},"9":{"start":{"line":58,"column":23},"end":{"line":74,"column":3}},"10":{"start":{"line":59,"column":22},"end":{"line":59,"column":24}},"11":{"start":{"line":60,"column":4},"end":{"line":64,"column":5}},"12":{"start":{"line":61,"column":6},"end":{"line":61,"column":44}},"13":{"start":{"line":62,"column":11},"end":{"line":64,"column":5}},"14":{"start":{"line":63,"column":6},"end":{"line":63,"column":43}},"15":{"start":{"line":66,"column":4},"end":{"line":70,"column":5}},"16":{"start":{"line":67,"column":6},"end":{"line":67,"column":50}},"17":{"start":{"line":68,"column":11},"end":{"line":70,"column":5}},"18":{"start":{"line":69,"column":6},"end":{"line":69,"column":68}},"19":{"start":{"line":72,"column":4},"end":{"line":72,"column":25}},"20":{"start":{"line":73,"column":4},"end":{"line":73,"column":47}},"21":{"start":{"line":76,"column":23},"end":{"line":90,"column":3}},"22":{"start":{"line":77,"column":28},"end":{"line":77,"column":36}},"23":{"start":{"line":78,"column":4},"end":{"line":81,"column":7}},"24":{"start":{"line":84,"column":4},"end":{"line":89,"column":5}},"25":{"start":{"line":85,"column":6},"end":{"line":88,"column":9}},"26":{"start":{"line":92,"column":23},"end":{"line":116,"column":3}},"27":{"start":{"line":93,"column":4},"end":{"line":93,"column":30}},"28":{"start":{"line":93,"column":11},"end":{"line":93,"column":30}},"29":{"start":{"line":95,"column":4},"end":{"line":115,"column":5}},"30":{"start":{"line":96,"column":6},"end":{"line":96,"column":25}},"31":{"start":{"line":97,"column":6},"end":{"line":97,"column":26}},"32":{"start":{"line":99,"column":6},"end":{"line":114,"column":7}},"33":{"start":{"line":101,"column":23},"end":{"line":101,"column":81}},"34":{"start":{"line":104,"column":8},"end":{"line":104,"column":56}},"35":{"start":{"line":105,"column":8},"end":{"line":105,"column":66}},"36":{"start":{"line":108,"column":8},"end":{"line":108,"column":31}},"37":{"start":{"line":110,"column":8},"end":{"line":110,"column":45}},"38":{"start":{"line":111,"column":8},"end":{"line":111,"column":98}},"39":{"start":{"line":113,"column":8},"end":{"line":113,"column":28}},"40":{"start":{"line":119,"column":2},"end":{"line":164,"column":3}},"41":{"start":{"line":120,"column":4},"end":{"line":163,"column":6}},"42":{"start":{"line":155,"column":31},"end":{"line":155,"column":53}},"43":{"start":{"line":166,"column":2},"end":{"line":294,"column":4}},"44":{"start":{"line":245,"column":39},"end":{"line":245,"column":69}}},"fnMap":{"0":{"name":"(anonymous_0)","decl":{"start":{"line":46,"column":21},"end":{"line":46,"column":22}},"loc":{"start":{"line":46,"column":27},"end":{"line":295,"column":1}},"line":46},"1":{"name":"(anonymous_1)","decl":{"start":{"line":58,"column":23},"end":{"line":58,"column":24}},"loc":{"start":{"line":58,"column":29},"end":{"line":74,"column":3}},"line":58},"2":{"name":"(anonymous_2)","decl":{"start":{"line":76,"column":23},"end":{"line":76,"column":24}},"loc":{"start":{"line":76,"column":30},"end":{"line":90,"column":3}},"line":76},"3":{"name":"(anonymous_3)","decl":{"start":{"line":92,"column":23},"end":{"line":92,"column":24}},"loc":{"start":{"line":92,"column":36},"end":{"line":116,"column":3}},"line":92},"4":{"name":"(anonymous_4)","decl":{"start":{"line":155,"column":25},"end":{"line":155,"column":26}},"loc":{"start":{"line":155,"column":31},"end":{"line":155,"column":53}},"line":155},"5":{"name":"(anonymous_5)","decl":{"start":{"line":245,"column":33},"end":{"line":245,"column":34}},"loc":{"start":{"line":245,"column":39},"end":{"line":245,"column":69}},"line":245}},"branchMap":{"0":{"loc":{"start":{"line":60,"column":4},"end":{"line":64,"column":5}},"type":"if","locations":[{"start":{"line":60,"column":4},"end":{"line":64,"column":5}},{"start":{"line":62,"column":11},"end":{"line":64,"column":5}}],"line":60},"1":{"loc":{"start":{"line":62,"column":11},"end":{"line":64,"column":5}},"type":"if","locations":[{"start":{"line":62,"column":11},"end":{"line":64,"column":5}},{"start":{},"end":{}}],"line":62},"2":{"loc":{"start":{"line":66,"column":4},"end":{"line":70,"column":5}},"type":"if","locations":[{"start":{"line":66,"column":4},"end":{"line":70,"column":5}},{"start":{"line":68,"column":11},"end":{"line":70,"column":5}}],"line":66},"3":{"loc":{"start":{"line":68,"column":11},"end":{"line":70,"column":5}},"type":"if","locations":[{"start":{"line":68,"column":11},"end":{"line":70,"column":5}},{"start":{},"end":{}}],"line":68},"4":{"loc":{"start":{"line":84,"column":4},"end":{"line":89,"column":5}},"type":"if","locations":[{"start":{"line":84,"column":4},"end":{"line":89,"column":5}},{"start":{},"end":{}}],"line":84},"5":{"loc":{"start":{"line":93,"column":4},"end":{"line":93,"column":30}},"type":"if","locations":[{"start":{"line":93,"column":4},"end":{"line":93,"column":30}},{"start":{},"end":{}}],"line":93},"6":{"loc":{"start":{"line":95,"column":4},"end":{"line":115,"column":5}},"type":"if","locations":[{"start":{"line":95,"column":4},"end":{"line":115,"column":5}},{"start":{},"end":{}}],"line":95},"7":{"loc":{"start":{"line":111,"column":24},"end":{"line":111,"column":96}},"type":"binary-expr","locations":[{"start":{"line":111,"column":24},"end":{"line":111,"column":37}},{"start":{"line":111,"column":41},"end":{"line":111,"column":96}}],"line":111},"8":{"loc":{"start":{"line":119,"column":2},"end":{"line":164,"column":3}},"type":"if","locations":[{"start":{"line":119,"column":2},"end":{"line":164,"column":3}},{"start":{},"end":{}}],"line":119},"9":{"loc":{"start":{"line":195,"column":13},"end":{"line":199,"column":13}},"type":"binary-expr","locations":[{"start":{"line":195,"column":13},"end":{"line":195,"column":25}},{"start":{"line":196,"column":14},"end":{"line":198,"column":22}}],"line":195},"10":{"loc":{"start":{"line":228,"column":22},"end":{"line":228,"column":56}},"type":"cond-expr","locations":[{"start":{"line":228,"column":37},"end":{"line":228,"column":43}},{"start":{"line":228,"column":46},"end":{"line":228,"column":56}}],"line":228},"11":{"loc":{"start":{"line":248,"column":25},"end":{"line":248,"column":74}},"type":"cond-expr","locations":[{"start":{"line":248,"column":40},"end":{"line":248,"column":57}},{"start":{"line":248,"column":60},"end":{"line":248,"column":74}}],"line":248},"12":{"loc":{"start":{"line":270,"column":25},"end":{"line":270,"column":60}},"type":"cond-expr","locations":[{"start":{"line":270,"column":37},"end":{"line":270,"column":41}},{"start":{"line":270,"column":44},"end":{"line":270,"column":60}}],"line":270},"13":{"loc":{"start":{"line":272,"column":17},"end":{"line":272,"column":87}},"type":"cond-expr","locations":[{"start":{"line":272,"column":29},"end":{"line":272,"column":75}},{"start":{"line":272,"column":78},"end":{"line":272,"column":87}}],"line":272}},"s":{"0":0,"1":0,"2":0,"3":0,"4":0,"5":0,"6":0,"7":0,"8":0,"9":0,"10":0,"11":0,"12":0,"13":0,"14":0,"15":0,"16":0,"17":0,"18":0,"19":0,"20":0,"21":0,"22":0,"23":0,"24":0,"25":0,"26":0,"27":0,"28":0,"29":0,"30":0,"31":0,"32":0,"33":0,"34":0,"35":0,"36":0,"37":0,"38":0,"39":0,"40":0,"41":0,"42":0,"43":0,"44":0},"f":{"0":0,"1":0,"2":0,"3":0,"4":0,"5":0},"b":{"0":[0,0],"1":[0,0],"2":[0,0],"3":[0,0],"4":[0,0],"5":[0,0],"6":[0,0],"7":[0,0],"8":[0,0],"9":[0,0],"10":[0,0],"11":[0,0],"12":[0,0],"13":[0,0]}}
,"/Users/mauricionoriega/M3_frontend/src/SignUp.jsx": {"path":"/Users/mauricionoriega/M3_frontend/src/SignUp.jsx","statementMap":{"0":{"start":{"line":31,"column":14},"end":{"line":43,"column":2}},"1":{"start":{"line":45,"column":15},"end":{"line":378,"column":1}},"2":{"start":{"line":46,"column":19},"end":{"line":46,"column":32}},"3":{"start":{"line":47,"column":34},"end":{"line":54,"column":4}},"4":{"start":{"line":55,"column":30},"end":{"line":55,"column":42}},"5":{"start":{"line":56,"column":42},"end":{"line":56,"column":57}},"6":{"start":{"line":57,"column":56},"end":{"line":57,"column":71}},"7":{"start":{"line":58,"column":36},"end":{"line":58,"column":51}},"8":{"start":{"line":59,"column":34},"end":{"line":63,"column":4}},"9":{"start":{"line":65,"column":23},"end":{"line":100,"column":3}},"10":{"start":{"line":66,"column":22},"end":{"line":66,"column":24}},"11":{"start":{"line":68,"column":4},"end":{"line":72,"column":5}},"12":{"start":{"line":69,"column":6},"end":{"line":69,"column":50}},"13":{"start":{"line":70,"column":11},"end":{"line":72,"column":5}},"14":{"start":{"line":71,"column":6},"end":{"line":71,"column":68}},"15":{"start":{"line":74,"column":4},"end":{"line":78,"column":5}},"16":{"start":{"line":75,"column":6},"end":{"line":75,"column":44}},"17":{"start":{"line":76,"column":11},"end":{"line":78,"column":5}},"18":{"start":{"line":77,"column":6},"end":{"line":77,"column":43}},"19":{"start":{"line":80,"column":4},"end":{"line":82,"column":5}},"20":{"start":{"line":81,"column":6},"end":{"line":81,"column":48}},"21":{"start":{"line":84,"column":4},"end":{"line":86,"column":5}},"22":{"start":{"line":85,"column":6},"end":{"line":85,"column":51}},"23":{"start":{"line":88,"column":4},"end":{"line":92,"column":5}},"24":{"start":{"line":89,"column":6},"end":{"line":89,"column":50}},"25":{"start":{"line":90,"column":11},"end":{"line":92,"column":5}},"26":{"start":{"line":91,"column":6},"end":{"line":91,"column":68}},"27":{"start":{"line":94,"column":4},"end":{"line":96,"column":5}},"28":{"start":{"line":95,"column":6},"end":{"line":95,"column":59}},"29":{"start":{"line":98,"column":4},"end":{"line":98,"column":25}},"30":{"start":{"line":99,"column":4},"end":{"line":99,"column":47}},"31":{"start":{"line":102,"column":23},"end":{"line":116,"column":3}},"32":{"start":{"line":103,"column":28},"end":{"line":103,"column":36}},"33":{"start":{"line":104,"column":4},"end":{"line":107,"column":7}},"34":{"start":{"line":110,"column":4},"end":{"line":115,"column":5}},"35":{"start":{"line":111,"column":6},"end":{"line":114,"column":9}},"36":{"start":{"line":118,"column":23},"end":{"line":151,"column":3}},"37":{"start":{"line":119,"column":4},"end":{"line":119,"column":30}},"38":{"start":{"line":119,"column":11},"end":{"line":119,"column":30}},"39":{"start":{"line":121,"column":4},"end":{"line":150,"column":5}},"40":{"start":{"line":122,"column":6},"end":{"line":122,"column":25}},"41":{"start":{"line":124,"column":6},"end":{"line":149,"column":7}},"42":{"start":{"line":126,"column":8},"end":{"line":132,"column":11}},"43":{"start":{"line":135,"column":8},"end":{"line":135,"column":80}},"44":{"start":{"line":138,"column":8},"end":{"line":140,"column":17}},"45":{"start":{"line":139,"column":10},"end":{"line":139,"column":29}},"46":{"start":{"line":142,"column":8},"end":{"line":142,"column":52}},"47":{"start":{"line":143,"column":8},"end":{"line":146,"column":10}},"48":{"start":{"line":148,"column":8},"end":{"line":148,"column":28}},"49":{"start":{"line":153,"column":23},"end":{"line":159,"column":3}},"50":{"start":{"line":154,"column":4},"end":{"line":158,"column":7}},"51":{"start":{"line":161,"column":30},"end":{"line":166,"column":3}},"52":{"start":{"line":162,"column":4},"end":{"line":165,"column":8}},"53":{"start":{"line":162,"column":25},"end":{"line":165,"column":5}},"54":{"start":{"line":168,"column":2},"end":{"line":377,"column":4}},"55":{"start":{"line":289,"column":39},"end":{"line":289,"column":69}},"56":{"start":{"line":322,"column":39},"end":{"line":322,"column":83}}},"fnMap":{"0":{"name":"(anonymous_0)","decl":{"start":{"line":45,"column":15},"end":{"line":45,"column":16}},"loc":{"start":{"line":45,"column":21},"end":{"line":378,"column":1}},"line":45},"1":{"name":"(anonymous_1)","decl":{"start":{"line":65,"column":23},"end":{"line":65,"column":24}},"loc":{"start":{"line":65,"column":29},"end":{"line":100,"column":3}},"line":65},"2":{"name":"(anonymous_2)","decl":{"start":{"line":102,"column":23},"end":{"line":102,"column":24}},"loc":{"start":{"line":102,"column":30},"end":{"line":116,"column":3}},"line":102},"3":{"name":"(anonymous_3)","decl":{"start":{"line":118,"column":23},"end":{"line":118,"column":24}},"loc":{"start":{"line":118,"column":36},"end":{"line":151,"column":3}},"line":118},"4":{"name":"(anonymous_4)","decl":{"start":{"line":138,"column":19},"end":{"line":138,"column":20}},"loc":{"start":{"line":138,"column":25},"end":{"line":140,"column":9}},"line":138},"5":{"name":"(anonymous_5)","decl":{"start":{"line":153,"column":23},"end":{"line":153,"column":24}},"loc":{"start":{"line":153,"column":56},"end":{"line":159,"column":3}},"line":153},"6":{"name":"(anonymous_6)","decl":{"start":{"line":161,"column":30},"end":{"line":161,"column":31}},"loc":{"start":{"line":161,"column":36},"end":{"line":166,"column":3}},"line":161},"7":{"name":"(anonymous_7)","decl":{"start":{"line":162,"column":16},"end":{"line":162,"column":17}},"loc":{"start":{"line":162,"column":25},"end":{"line":165,"column":5}},"line":162},"8":{"name":"(anonymous_8)","decl":{"start":{"line":289,"column":33},"end":{"line":289,"column":34}},"loc":{"start":{"line":289,"column":39},"end":{"line":289,"column":69}},"line":289},"9":{"name":"(anonymous_9)","decl":{"start":{"line":322,"column":33},"end":{"line":322,"column":34}},"loc":{"start":{"line":322,"column":39},"end":{"line":322,"column":83}},"line":322}},"branchMap":{"0":{"loc":{"start":{"line":68,"column":4},"end":{"line":72,"column":5}},"type":"if","locations":[{"start":{"line":68,"column":4},"end":{"line":72,"column":5}},{"start":{"line":70,"column":11},"end":{"line":72,"column":5}}],"line":68},"1":{"loc":{"start":{"line":70,"column":11},"end":{"line":72,"column":5}},"type":"if","locations":[{"start":{"line":70,"column":11},"end":{"line":72,"column":5}},{"start":{},"end":{}}],"line":70},"2":{"loc":{"start":{"line":74,"column":4},"end":{"line":78,"column":5}},"type":"if","locations":[{"start":{"line":74,"column":4},"end":{"line":78,"column":5}},{"start":{"line":76,"column":11},"end":{"line":78,"column":5}}],"line":74},"3":{"loc":{"start":{"line":76,"column":11},"end":{"line":78,"column":5}},"type":"if","locations":[{"start":{"line":76,"column":11},"end":{"line":78,"column":5}},{"start":{},"end":{}}],"line":76},"4":{"loc":{"start":{"line":80,"column":4},"end":{"line":82,"column":5}},"type":"if","locations":[{"start":{"line":80,"column":4},"end":{"line":82,"column":5}},{"start":{},"end":{}}],"line":80},"5":{"loc":{"start":{"line":84,"column":4},"end":{"line":86,"column":5}},"type":"if","locations":[{"start":{"line":84,"column":4},"end":{"line":86,"column":5}},{"start":{},"end":{}}],"line":84},"6":{"loc":{"start":{"line":88,"column":4},"end":{"line":92,"column":5}},"type":"if","locations":[{"start":{"line":88,"column":4},"end":{"line":92,"column":5}},{"start":{"line":90,"column":11},"end":{"line":92,"column":5}}],"line":88},"7":{"loc":{"start":{"line":90,"column":11},"end":{"line":92,"column":5}},"type":"if","locations":[{"start":{"line":90,"column":11},"end":{"line":92,"column":5}},{"start":{},"end":{}}],"line":90},"8":{"loc":{"start":{"line":94,"column":4},"end":{"line":96,"column":5}},"type":"if","locations":[{"start":{"line":94,"column":4},"end":{"line":96,"column":5}},{"start":{},"end":{}}],"line":94},"9":{"loc":{"start":{"line":110,"column":4},"end":{"line":115,"column":5}},"type":"if","locations":[{"start":{"line":110,"column":4},"end":{"line":115,"column":5}},{"start":{},"end":{}}],"line":110},"10":{"loc":{"start":{"line":119,"column":4},"end":{"line":119,"column":30}},"type":"if","locations":[{"start":{"line":119,"column":4},"end":{"line":119,"column":30}},{"start":{},"end":{}}],"line":119},"11":{"loc":{"start":{"line":121,"column":4},"end":{"line":150,"column":5}},"type":"if","locations":[{"start":{"line":121,"column":4},"end":{"line":150,"column":5}},{"start":{},"end":{}}],"line":121},"12":{"loc":{"start":{"line":144,"column":10},"end":{"line":144,"column":67}},"type":"binary-expr","locations":[{"start":{"line":144,"column":10},"end":{"line":144,"column":23}},{"start":{"line":144,"column":27},"end":{"line":144,"column":67}}],"line":144},"13":{"loc":{"start":{"line":153,"column":33},"end":{"line":153,"column":51}},"type":"default-arg","locations":[{"start":{"line":153,"column":44},"end":{"line":153,"column":51}}],"line":153},"14":{"loc":{"start":{"line":272,"column":22},"end":{"line":272,"column":56}},"type":"cond-expr","locations":[{"start":{"line":272,"column":37},"end":{"line":272,"column":43}},{"start":{"line":272,"column":46},"end":{"line":272,"column":56}}],"line":272},"15":{"loc":{"start":{"line":292,"column":25},"end":{"line":292,"column":74}},"type":"cond-expr","locations":[{"start":{"line":292,"column":40},"end":{"line":292,"column":57}},{"start":{"line":292,"column":60},"end":{"line":292,"column":74}}],"line":292},"16":{"loc":{"start":{"line":305,"column":22},"end":{"line":305,"column":63}},"type":"cond-expr","locations":[{"start":{"line":305,"column":44},"end":{"line":305,"column":50}},{"start":{"line":305,"column":53},"end":{"line":305,"column":63}}],"line":305},"17":{"loc":{"start":{"line":325,"column":25},"end":{"line":325,"column":81}},"type":"cond-expr","locations":[{"start":{"line":325,"column":47},"end":{"line":325,"column":64}},{"start":{"line":325,"column":67},"end":{"line":325,"column":81}}],"line":325},"18":{"loc":{"start":{"line":347,"column":25},"end":{"line":347,"column":60}},"type":"cond-expr","locations":[{"start":{"line":347,"column":37},"end":{"line":347,"column":41}},{"start":{"line":347,"column":44},"end":{"line":347,"column":60}}],"line":347},"19":{"loc":{"start":{"line":349,"column":17},"end":{"line":349,"column":94}},"type":"cond-expr","locations":[{"start":{"line":349,"column":29},"end":{"line":349,"column":75}},{"start":{"line":349,"column":78},"end":{"line":349,"column":94}}],"line":349}},"s":{"0":0,"1":0,"2":0,"3":0,"4":0,"5":0,"6":0,"7":0,"8":0,"9":0,"10":0,"11":0,"12":0,"13":0,"14":0,"15":0,"16":0,"17":0,"18":0,"19":0,"20":0,"21":0,"22":0,"23":0,"24":0,"25":0,"26":0,"27":0,"28":0,"29":0,"30":0,"31":0,"32":0,"33":0,"34":0,"35":0,"36":0,"37":0,"38":0,"39":0,"40":0,"41":0,"42":0,"43":0,"44":0,"45":0,"46":0,"47":0,"48":0,"49":0,"50":0,"51":0,"52":0,"53":0,"54":0,"55":0,"56":0},"f":{"0":0,"1":0,"2":0,"3":0,"4":0,"5":0,"6":0,"7":0,"8":0,"9":0},"b":{"0":[0,0],"1":[0,0],"2":[0,0],"3":[0,0],"4":[0,0],"5":[0,0],"6":[0,0],"7":[0,0],"8":[0,0],"9":[0,0],"10":[0,0],"11":[0,0],"12":[0,0],"13":[0],"14":[0,0],"15":[0,0],"16":[0,0],"17":[0,0],"18":[0,0],"19":[0,0]}}
,"/Users/mauricionoriega/M3_frontend/src/components/ProtectedRoute.jsx": {"path":"/Users/mauricionoriega/M3_frontend/src/components/ProtectedRoute.jsx","statementMap":{"0":{"start":{"line":4,"column":23},"end":{"line":10,"column":1}},"1":{"start":{"line":5,"column":2},"end":{"line":7,"column":3}},"2":{"start":{"line":6,"column":4},"end":{"line":6,"column":44}},"3":{"start":{"line":9,"column":2},"end":{"line":9,"column":20}}},"fnMap":{"0":{"name":"(anonymous_0)","decl":{"start":{"line":4,"column":23},"end":{"line":4,"column":24}},"loc":{"start":{"line":4,"column":29},"end":{"line":10,"column":1}},"line":4}},"branchMap":{"0":{"loc":{"start":{"line":5,"column":2},"end":{"line":7,"column":3}},"type":"if","locations":[{"start":{"line":5,"column":2},"end":{"line":7,"column":3}},{"start":{},"end":{}}],"line":5}},"s":{"0":1,"1":2,"2":1,"3":1},"f":{"0":2},"b":{"0":[1,1]},"_coverageSchema":"1a1c01bbd47fc00a2c39e90264f33305004495a9","hash":"1f3c022b1b97e596cfdc7fa5508f72d694aa5cab"}
,"/Users/mauricionoriega/M3_frontend/src/services/auth.js": {"path":"/Users/mauricionoriega/M3_frontend/src/services/auth.js","statementMap":{"0":{"start":{"line":1,"column":16},"end":{"line":1,"column":43}},"1":{"start":{"line":9,"column":21},"end":{"line":29,"column":1}},"2":{"start":{"line":10,"column":2},"end":{"line":28,"column":3}},"3":{"start":{"line":11,"column":21},"end":{"line":17,"column":6}},"4":{"start":{"line":19,"column":4},"end":{"line":22,"column":5}},"5":{"start":{"line":20,"column":24},"end":{"line":20,"column":63}},"6":{"start":{"line":20,"column":59},"end":{"line":20,"column":61}},"7":{"start":{"line":21,"column":6},"end":{"line":21,"column":68}},"8":{"start":{"line":24,"column":4},"end":{"line":24,"column":33}},"9":{"start":{"line":26,"column":4},"end":{"line":26,"column":47}},"10":{"start":{"line":27,"column":4},"end":{"line":27,"column":16}},"11":{"start":{"line":35,"column":24},"end":{"line":58,"column":1}},"12":{"start":{"line":36,"column":2},"end":{"line":57,"column":3}},"13":{"start":{"line":37,"column":18},"end":{"line":37,"column":51}},"14":{"start":{"line":38,"column":21},"end":{"line":42,"column":6}},"15":{"start":{"line":44,"column":4},"end":{"line":52,"column":5}},"16":{"start":{"line":45,"column":6},"end":{"line":50,"column":7}},"17":{"start":{"line":47,"column":8},"end":{"line":47,"column":45}},"18":{"start":{"line":48,"column":8},"end":{"line":48,"column":40}},"19":{"start":{"line":49,"column":8},"end":{"line":49,"column":64}},"20":{"start":{"line":51,"column":6},"end":{"line":51,"column":47}},"21":{"start":{"line":54,"column":4},"end":{"line":54,"column":33}},"22":{"start":{"line":56,"column":4},"end":{"line":56,"column":16}},"23":{"start":{"line":65,"column":27},"end":{"line":82,"column":1}},"24":{"start":{"line":66,"column":2},"end":{"line":81,"column":3}},"25":{"start":{"line":67,"column":18},"end":{"line":67,"column":51}},"26":{"start":{"line":68,"column":21},"end":{"line":72,"column":6}},"27":{"start":{"line":74,"column":4},"end":{"line":76,"column":5}},"28":{"start":{"line":75,"column":6},"end":{"line":75,"column":46}},"29":{"start":{"line":78,"column":4},"end":{"line":78,"column":33}},"30":{"start":{"line":80,"column":4},"end":{"line":80,"column":16}},"31":{"start":{"line":89,"column":26},"end":{"line":110,"column":1}},"32":{"start":{"line":90,"column":2},"end":{"line":109,"column":3}},"33":{"start":{"line":91,"column":18},"end":{"line":91,"column":51}},"34":{"start":{"line":92,"column":21},"end":{"line":99,"column":6}},"35":{"start":{"line":101,"column":4},"end":{"line":104,"column":5}},"36":{"start":{"line":102,"column":24},"end":{"line":102,"column":45}},"37":{"start":{"line":103,"column":6},"end":{"line":103,"column":60}},"38":{"start":{"line":106,"column":4},"end":{"line":106,"column":23}},"39":{"start":{"line":108,"column":4},"end":{"line":108,"column":16}},"40":{"start":{"line":118,"column":26},"end":{"line":138,"column":1}},"41":{"start":{"line":119,"column":2},"end":{"line":137,"column":3}},"42":{"start":{"line":120,"column":18},"end":{"line":120,"column":51}},"43":{"start":{"line":121,"column":21},"end":{"line":128,"column":6}},"44":{"start":{"line":130,"column":4},"end":{"line":132,"column":5}},"45":{"start":{"line":131,"column":6},"end":{"line":131,"column":47}},"46":{"start":{"line":134,"column":4},"end":{"line":134,"column":23}},"47":{"start":{"line":136,"column":4},"end":{"line":136,"column":16}},"48":{"start":{"line":145,"column":26},"end":{"line":163,"column":1}},"49":{"start":{"line":146,"column":2},"end":{"line":162,"column":3}},"50":{"start":{"line":147,"column":18},"end":{"line":147,"column":51}},"51":{"start":{"line":148,"column":21},"end":{"line":153,"column":6}},"52":{"start":{"line":155,"column":4},"end":{"line":157,"column":5}},"53":{"start":{"line":156,"column":6},"end":{"line":156,"column":47}},"54":{"start":{"line":159,"column":4},"end":{"line":159,"column":23}},"55":{"start":{"line":161,"column":4},"end":{"line":161,"column":16}},"56":{"start":{"line":169,"column":31},"end":{"line":171,"column":1}},"57":{"start":{"line":170,"column":2},"end":{"line":170,"column":45}},"58":{"start":{"line":176,"column":22},"end":{"line":179,"column":1}},"59":{"start":{"line":177,"column":2},"end":{"line":177,"column":39}},"60":{"start":{"line":178,"column":2},"end":{"line":178,"column":34}},"61":{"start":{"line":185,"column":30},"end":{"line":188,"column":1}},"62":{"start":{"line":186,"column":18},"end":{"line":186,"column":46}},"63":{"start":{"line":187,"column":2},"end":{"line":187,"column":46}},"64":{"start":{"line":195,"column":24},"end":{"line":216,"column":1}},"65":{"start":{"line":196,"column":2},"end":{"line":215,"column":3}},"66":{"start":{"line":197,"column":21},"end":{"line":204,"column":6}},"67":{"start":{"line":206,"column":4},"end":{"line":209,"column":5}},"68":{"start":{"line":207,"column":24},"end":{"line":207,"column":63}},"69":{"start":{"line":207,"column":59},"end":{"line":207,"column":61}},"70":{"start":{"line":208,"column":6},"end":{"line":208,"column":66}},"71":{"start":{"line":211,"column":4},"end":{"line":211,"column":29}},"72":{"start":{"line":213,"column":4},"end":{"line":213,"column":48}},"73":{"start":{"line":214,"column":4},"end":{"line":214,"column":16}},"74":{"start":{"line":222,"column":30},"end":{"line":235,"column":1}},"75":{"start":{"line":223,"column":16},"end":{"line":223,"column":49}},"76":{"start":{"line":224,"column":2},"end":{"line":224,"column":26}},"77":{"start":{"line":224,"column":14},"end":{"line":224,"column":26}},"78":{"start":{"line":226,"column":2},"end":{"line":234,"column":3}},"79":{"start":{"line":228,"column":20},"end":{"line":228,"column":57}},"80":{"start":{"line":231,"column":4},"end":{"line":231,"column":43}},"81":{"start":{"line":233,"column":4},"end":{"line":233,"column":16}},"82":{"start":{"line":241,"column":32},"end":{"line":249,"column":1}},"83":{"start":{"line":242,"column":2},"end":{"line":247,"column":3}},"84":{"start":{"line":244,"column":4},"end":{"line":244,"column":13}},"85":{"start":{"line":245,"column":4},"end":{"line":245,"column":36}},"86":{"start":{"line":246,"column":4},"end":{"line":246,"column":17}},"87":{"start":{"line":248,"column":2},"end":{"line":248,"column":14}}},"fnMap":{"0":{"name":"(anonymous_0)","decl":{"start":{"line":9,"column":21},"end":{"line":9,"column":22}},"loc":{"start":{"line":9,"column":48},"end":{"line":29,"column":1}},"line":9},"1":{"name":"(anonymous_1)","decl":{"start":{"line":20,"column":52},"end":{"line":20,"column":53}},"loc":{"start":{"line":20,"column":59},"end":{"line":20,"column":61}},"line":20},"2":{"name":"(anonymous_2)","decl":{"start":{"line":35,"column":24},"end":{"line":35,"column":25}},"loc":{"start":{"line":35,"column":36},"end":{"line":58,"column":1}},"line":35},"3":{"name":"(anonymous_3)","decl":{"start":{"line":65,"column":27},"end":{"line":65,"column":28}},"loc":{"start":{"line":65,"column":41},"end":{"line":82,"column":1}},"line":65},"4":{"name":"(anonymous_4)","decl":{"start":{"line":89,"column":26},"end":{"line":89,"column":27}},"loc":{"start":{"line":89,"column":46},"end":{"line":110,"column":1}},"line":89},"5":{"name":"(anonymous_5)","decl":{"start":{"line":118,"column":26},"end":{"line":118,"column":27}},"loc":{"start":{"line":118,"column":50},"end":{"line":138,"column":1}},"line":118},"6":{"name":"(anonymous_6)","decl":{"start":{"line":145,"column":26},"end":{"line":145,"column":27}},"loc":{"start":{"line":145,"column":40},"end":{"line":163,"column":1}},"line":145},"7":{"name":"(anonymous_7)","decl":{"start":{"line":169,"column":31},"end":{"line":169,"column":32}},"loc":{"start":{"line":169,"column":37},"end":{"line":171,"column":1}},"line":169},"8":{"name":"(anonymous_8)","decl":{"start":{"line":176,"column":22},"end":{"line":176,"column":23}},"loc":{"start":{"line":176,"column":28},"end":{"line":179,"column":1}},"line":176},"9":{"name":"(anonymous_9)","decl":{"start":{"line":185,"column":30},"end":{"line":185,"column":31}},"loc":{"start":{"line":185,"column":36},"end":{"line":188,"column":1}},"line":185},"10":{"name":"(anonymous_10)","decl":{"start":{"line":195,"column":24},"end":{"line":195,"column":25}},"loc":{"start":{"line":195,"column":44},"end":{"line":216,"column":1}},"line":195},"11":{"name":"(anonymous_11)","decl":{"start":{"line":207,"column":52},"end":{"line":207,"column":53}},"loc":{"start":{"line":207,"column":59},"end":{"line":207,"column":61}},"line":207},"12":{"name":"(anonymous_12)","decl":{"start":{"line":222,"column":30},"end":{"line":222,"column":31}},"loc":{"start":{"line":222,"column":36},"end":{"line":235,"column":1}},"line":222},"13":{"name":"(anonymous_13)","decl":{"start":{"line":241,"column":32},"end":{"line":241,"column":33}},"loc":{"start":{"line":241,"column":38},"end":{"line":249,"column":1}},"line":241}},"branchMap":{"0":{"loc":{"start":{"line":19,"column":4},"end":{"line":22,"column":5}},"type":"if","locations":[{"start":{"line":19,"column":4},"end":{"line":22,"column":5}},{"start":{},"end":{}}],"line":19},"1":{"loc":{"start":{"line":21,"column":22},"end":{"line":21,"column":66}},"type":"binary-expr","locations":[{"start":{"line":21,"column":22},"end":{"line":21,"column":39}},{"start":{"line":21,"column":43},"end":{"line":21,"column":66}}],"line":21},"2":{"loc":{"start":{"line":44,"column":4},"end":{"line":52,"column":5}},"type":"if","locations":[{"start":{"line":44,"column":4},"end":{"line":52,"column":5}},{"start":{},"end":{}}],"line":44},"3":{"loc":{"start":{"line":45,"column":6},"end":{"line":50,"column":7}},"type":"if","locations":[{"start":{"line":45,"column":6},"end":{"line":50,"column":7}},{"start":{},"end":{}}],"line":45},"4":{"loc":{"start":{"line":74,"column":4},"end":{"line":76,"column":5}},"type":"if","locations":[{"start":{"line":74,"column":4},"end":{"line":76,"column":5}},{"start":{},"end":{}}],"line":74},"5":{"loc":{"start":{"line":101,"column":4},"end":{"line":104,"column":5}},"type":"if","locations":[{"start":{"line":101,"column":4},"end":{"line":104,"column":5}},{"start":{},"end":{}}],"line":101},"6":{"loc":{"start":{"line":103,"column":22},"end":{"line":103,"column":58}},"type":"binary-expr","locations":[{"start":{"line":103,"column":22},"end":{"line":103,"column":31}},{"start":{"line":103,"column":35},"end":{"line":103,"column":58}}],"line":103},"7":{"loc":{"start":{"line":130,"column":4},"end":{"line":132,"column":5}},"type":"if","locations":[{"start":{"line":130,"column":4},"end":{"line":132,"column":5}},{"start":{},"end":{}}],"line":130},"8":{"loc":{"start":{"line":155,"column":4},"end":{"line":157,"column":5}},"type":"if","locations":[{"start":{"line":155,"column":4},"end":{"line":157,"column":5}},{"start":{},"end":{}}],"line":155},"9":{"loc":{"start":{"line":187,"column":9},"end":{"line":187,"column":45}},"type":"cond-expr","locations":[{"start":{"line":187,"column":19},"end":{"line":187,"column":38}},{"start":{"line":187,"column":41},"end":{"line":187,"column":45}}],"line":187},"10":{"loc":{"start":{"line":206,"column":4},"end":{"line":209,"column":5}},"type":"if","locations":[{"start":{"line":206,"column":4},"end":{"line":209,"column":5}},{"start":{},"end":{}}],"line":206},"11":{"loc":{"start":{"line":208,"column":22},"end":{"line":208,"column":64}},"type":"binary-expr","locations":[{"start":{"line":208,"column":22},"end":{"line":208,"column":39}},{"start":{"line":208,"column":43},"end":{"line":208,"column":64}}],"line":208},"12":{"loc":{"start":{"line":224,"column":2},"end":{"line":224,"column":26}},"type":"if","locations":[{"start":{"line":224,"column":2},"end":{"line":224,"column":26}},{"start":{},"end":{}}],"line":224},"13":{"loc":{"start":{"line":242,"column":2},"end":{"line":247,"column":3}},"type":"if","locations":[{"start":{"line":242,"column":2},"end":{"line":247,"column":3}},{"start":{},"end":{}}],"line":242}},"s":{"0":1,"1":1,"2":1,"3":1,"4":1,"5":0,"6":0,"7":0,"8":1,"9":0,"10":0,"11":1,"12":0,"13":0,"14":0,"15":0,"16":0,"17":0,"18":0,"19":0,"20":0,"21":0,"22":0,"23":1,"24":0,"25":0,"26":0,"27":0,"28":0,"29":0,"30":0,"31":1,"32":0,"33":0,"34":0,"35":0,"36":0,"37":0,"38":0,"39":0,"40":1,"41":0,"42":0,"43":0,"44":0,"45":0,"46":0,"47":0,"48":1,"49":0,"50":0,"51":0,"52":0,"53":0,"54":0,"55":0,"56":1,"57":2,"58":1,"59":1,"60":1,"61":1,"62":2,"63":2,"64":1,"65":0,"66":0,"67":0,"68":0,"69":0,"70":0,"71":0,"72":0,"73":0,"74":1,"75":0,"76":0,"77":0,"78":0,"79":0,"80":0,"81":0,"82":1,"83":0,"84":0,"85":0,"86":0,"87":0},"f":{"0":1,"1":0,"2":0,"3":0,"4":0,"5":0,"6":0,"7":2,"8":1,"9":2,"10":0,"11":0,"12":0,"13":0},"b":{"0":[0,1],"1":[0,0],"2":[0,0],"3":[0,0],"4":[0,0],"5":[0,0],"6":[0,0],"7":[0,0],"8":[0,0],"9":[1,1],"10":[0,0],"11":[0,0],"12":[0,0],"13":[0,0]},"_coverageSchema":"1a1c01bbd47fc00a2c39e90264f33305004495a9","hash":"e68faf32d1b2d8090b694c502960fa436f968b6a"}
}
