TN:
SF:src/App.jsx
FN:10,App
FNF:1
FNH:0
FNDA:0,App
DA:11,0
LF:1
LH:0
BRF:0
BRH:0
end_of_record
TN:
SF:src/Dashboard.jsx
FN:52,(anonymous_0)
FN:74,(anonymous_1)
FN:86,(anonymous_2)
FN:107,(anonymous_3)
FN:111,(anonymous_4)
FN:116,(anonymous_5)
FN:127,(anonymous_6)
FN:144,(anonymous_7)
FN:146,(anonymous_8)
FN:152,(anonymous_9)
FN:175,(anonymous_10)
FN:180,(anonymous_11)
FN:188,(anonymous_12)
FN:189,(anonymous_13)
FN:196,(anonymous_14)
FN:258,(anonymous_15)
FN:280,(anonymous_16)
FN:284,(anonymous_17)
FN:310,(anonymous_18)
FN:320,(anonymous_19)
FN:332,(anonymous_20)
FN:384,(anonymous_21)
FNF:22
FNH:0
FNDA:0,(anonymous_0)
FNDA:0,(anonymous_1)
FNDA:0,(anonymous_2)
FNDA:0,(anonymous_3)
FNDA:0,(anonymous_4)
FNDA:0,(anonymous_5)
FNDA:0,(anonymous_6)
FNDA:0,(anonymous_7)
FNDA:0,(anonymous_8)
FNDA:0,(anonymous_9)
FNDA:0,(anonymous_10)
FNDA:0,(anonymous_11)
FNDA:0,(anonymous_12)
FNDA:0,(anonymous_13)
FNDA:0,(anonymous_14)
FNDA:0,(anonymous_15)
FNDA:0,(anonymous_16)
FNDA:0,(anonymous_17)
FNDA:0,(anonymous_18)
FNDA:0,(anonymous_19)
FNDA:0,(anonymous_20)
FNDA:0,(anonymous_21)
DA:38,0
DA:52,0
DA:53,0
DA:54,0
DA:55,0
DA:56,0
DA:57,0
DA:58,0
DA:59,0
DA:60,0
DA:61,0
DA:67,0
DA:74,0
DA:75,0
DA:76,0
DA:77,0
DA:81,0
DA:82,0
DA:86,0
DA:87,0
DA:88,0
DA:89,0
DA:90,0
DA:91,0
DA:93,0
DA:94,0
DA:97,0
DA:99,0
DA:100,0
DA:103,0
DA:107,0
DA:108,0
DA:111,0
DA:112,0
DA:113,0
DA:116,0
DA:117,0
DA:118,0
DA:124,0
DA:127,0
DA:128,0
DA:129,0
DA:130,0
DA:131,0
DA:133,0
DA:135,0
DA:136,0
DA:137,0
DA:140,0
DA:144,0
DA:145,0
DA:146,0
DA:152,0
DA:153,0
DA:155,0
DA:162,0
DA:163,0
DA:164,0
DA:166,0
DA:168,0
DA:169,0
DA:170,0
DA:175,0
DA:176,0
DA:177,0
DA:180,0
DA:181,0
DA:188,0
DA:189,0
DA:196,0
DA:197,0
DA:198,0
DA:201,0
DA:259,0
DA:280,0
DA:284,0
DA:310,0
DA:320,0
DA:332,0
DA:384,0
LF:80
LH:0
BRDA:75,0,0,0
BRDA:75,0,1,0
BRDA:97,1,0,0
BRDA:97,1,1,0
BRDA:97,2,0,0
BRDA:97,2,1,0
BRDA:97,2,2,0
BRDA:97,2,3,0
BRDA:121,3,0,0
BRDA:121,3,1,0
BRDA:122,4,0,0
BRDA:122,4,1,0
BRDA:135,5,0,0
BRDA:135,5,1,0
BRDA:135,6,0,0
BRDA:135,6,1,0
BRDA:168,7,0,0
BRDA:168,7,1,0
BRDA:168,8,0,0
BRDA:168,8,1,0
BRDA:180,9,0,0
BRDA:197,10,0,0
BRDA:197,10,1,0
BRDA:198,11,0,0
BRDA:198,11,1,0
BRDA:229,12,0,0
BRDA:229,12,1,0
BRDA:231,13,0,0
BRDA:231,13,1,0
BRDA:236,14,0,0
BRDA:236,14,1,0
BRDA:240,15,0,0
BRDA:240,15,1,0
BRDA:261,16,0,0
BRDA:261,16,1,0
BRDA:266,17,0,0
BRDA:266,17,1,0
BRDA:287,18,0,0
BRDA:287,18,1,0
BRDA:294,19,0,0
BRDA:294,19,1,0
BRF:41
BRH:0
end_of_record
TN:
SF:src/LoginForm.jsx
FN:46,(anonymous_0)
FN:57,(anonymous_1)
FN:75,(anonymous_2)
FN:91,(anonymous_3)
FN:196,(anonymous_4)
FNF:5
FNH:0
FNDA:0,(anonymous_0)
FNDA:0,(anonymous_1)
FNDA:0,(anonymous_2)
FNDA:0,(anonymous_3)
FNDA:0,(anonymous_4)
DA:32,0
DA:46,0
DA:47,0
DA:48,0
DA:52,0
DA:53,0
DA:54,0
DA:55,0
DA:57,0
DA:58,0
DA:59,0
DA:60,0
DA:61,0
DA:62,0
DA:65,0
DA:66,0
DA:67,0
DA:68,0
DA:71,0
DA:72,0
DA:75,0
DA:76,0
DA:77,0
DA:83,0
DA:84,0
DA:91,0
DA:92,0
DA:94,0
DA:95,0
DA:96,0
DA:98,0
DA:100,0
DA:103,0
DA:104,0
DA:107,0
DA:109,0
DA:110,0
DA:112,0
DA:117,0
DA:196,0
LF:40
LH:0
BRDA:59,0,0,0
BRDA:59,0,1,0
BRDA:61,1,0,0
BRDA:61,1,1,0
BRDA:65,2,0,0
BRDA:65,2,1,0
BRDA:67,3,0,0
BRDA:67,3,1,0
BRDA:83,4,0,0
BRDA:83,4,1,0
BRDA:92,5,0,0
BRDA:92,5,1,0
BRDA:94,6,0,0
BRDA:94,6,1,0
BRDA:110,7,0,0
BRDA:110,7,1,0
BRDA:146,8,0,0
BRDA:146,8,1,0
BRDA:179,9,0,0
BRDA:179,9,1,0
BRDA:199,10,0,0
BRDA:199,10,1,0
BRDA:221,11,0,0
BRDA:221,11,1,0
BRDA:223,12,0,0
BRDA:223,12,1,0
BRF:26
BRH:0
end_of_record
TN:
SF:src/SignUp.jsx
FN:45,(anonymous_0)
FN:65,(anonymous_1)
FN:102,(anonymous_2)
FN:118,(anonymous_3)
FN:138,(anonymous_4)
FN:153,(anonymous_5)
FN:161,(anonymous_6)
FN:162,(anonymous_7)
FN:289,(anonymous_8)
FN:322,(anonymous_9)
FNF:10
FNH:0
FNDA:0,(anonymous_0)
FNDA:0,(anonymous_1)
FNDA:0,(anonymous_2)
FNDA:0,(anonymous_3)
FNDA:0,(anonymous_4)
FNDA:0,(anonymous_5)
FNDA:0,(anonymous_6)
FNDA:0,(anonymous_7)
FNDA:0,(anonymous_8)
FNDA:0,(anonymous_9)
DA:31,0
DA:45,0
DA:46,0
DA:47,0
DA:55,0
DA:56,0
DA:57,0
DA:58,0
DA:59,0
DA:65,0
DA:66,0
DA:68,0
DA:69,0
DA:70,0
DA:71,0
DA:74,0
DA:75,0
DA:76,0
DA:77,0
DA:80,0
DA:81,0
DA:84,0
DA:85,0
DA:88,0
DA:89,0
DA:90,0
DA:91,0
DA:94,0
DA:95,0
DA:98,0
DA:99,0
DA:102,0
DA:103,0
DA:104,0
DA:110,0
DA:111,0
DA:118,0
DA:119,0
DA:121,0
DA:122,0
DA:124,0
DA:126,0
DA:135,0
DA:138,0
DA:139,0
DA:142,0
DA:143,0
DA:148,0
DA:153,0
DA:154,0
DA:161,0
DA:162,0
DA:168,0
DA:289,0
DA:322,0
LF:55
LH:0
BRDA:68,0,0,0
BRDA:68,0,1,0
BRDA:70,1,0,0
BRDA:70,1,1,0
BRDA:74,2,0,0
BRDA:74,2,1,0
BRDA:76,3,0,0
BRDA:76,3,1,0
BRDA:80,4,0,0
BRDA:80,4,1,0
BRDA:84,5,0,0
BRDA:84,5,1,0
BRDA:88,6,0,0
BRDA:88,6,1,0
BRDA:90,7,0,0
BRDA:90,7,1,0
BRDA:94,8,0,0
BRDA:94,8,1,0
BRDA:110,9,0,0
BRDA:110,9,1,0
BRDA:119,10,0,0
BRDA:119,10,1,0
BRDA:121,11,0,0
BRDA:121,11,1,0
BRDA:144,12,0,0
BRDA:144,12,1,0
BRDA:153,13,0,0
BRDA:272,14,0,0
BRDA:272,14,1,0
BRDA:292,15,0,0
BRDA:292,15,1,0
BRDA:305,16,0,0
BRDA:305,16,1,0
BRDA:325,17,0,0
BRDA:325,17,1,0
BRDA:347,18,0,0
BRDA:347,18,1,0
BRDA:349,19,0,0
BRDA:349,19,1,0
BRF:39
BRH:0
end_of_record
TN:
SF:src/components/ProtectedRoute.jsx
FN:4,(anonymous_0)
FNF:1
FNH:1
FNDA:2,(anonymous_0)
DA:4,1
DA:5,2
DA:6,1
DA:9,1
LF:4
LH:4
BRDA:5,0,0,1
BRDA:5,0,1,1
BRF:2
BRH:2
end_of_record
TN:
SF:src/services/auth.js
FN:9,(anonymous_0)
FN:19,(anonymous_1)
FN:30,(anonymous_2)
FN:56,(anonymous_3)
FN:76,(anonymous_4)
FN:101,(anonymous_5)
FN:124,(anonymous_6)
FN:144,(anonymous_7)
FN:151,(anonymous_8)
FN:160,(anonymous_9)
FN:170,(anonymous_10)
FN:181,(anonymous_11)
FN:192,(anonymous_12)
FN:211,(anonymous_13)
FNF:14
FNH:4
FNDA:1,(anonymous_0)
FNDA:0,(anonymous_1)
FNDA:0,(anonymous_2)
FNDA:0,(anonymous_3)
FNDA:0,(anonymous_4)
FNDA:0,(anonymous_5)
FNDA:0,(anonymous_6)
FNDA:2,(anonymous_7)
FNDA:1,(anonymous_8)
FNDA:2,(anonymous_9)
FNDA:0,(anonymous_10)
FNDA:0,(anonymous_11)
FNDA:0,(anonymous_12)
FNDA:0,(anonymous_13)
DA:1,1
DA:9,1
DA:10,1
DA:18,1
DA:19,0
DA:20,0
DA:23,1
DA:30,1
DA:31,0
DA:32,0
DA:38,0
DA:39,0
DA:41,0
DA:42,0
DA:43,0
DA:45,0
DA:48,0
DA:56,1
DA:57,0
DA:58,0
DA:64,0
DA:65,0
DA:68,0
DA:76,1
DA:77,0
DA:78,0
DA:87,0
DA:88,0
DA:89,0
DA:92,0
DA:101,1
DA:102,0
DA:103,0
DA:112,0
DA:113,0
DA:116,0
DA:124,1
DA:125,0
DA:126,0
DA:133,0
DA:134,0
DA:137,0
DA:144,1
DA:145,2
DA:151,1
DA:152,1
DA:153,1
DA:160,1
DA:161,2
DA:162,2
DA:170,1
DA:171,0
DA:180,0
DA:181,0
DA:182,0
DA:185,0
DA:192,1
DA:193,0
DA:194,0
DA:196,0
DA:198,0
DA:201,0
DA:203,0
DA:211,1
DA:212,0
DA:214,0
DA:215,0
DA:216,0
DA:218,0
LF:69
LH:21
BRDA:18,0,0,0
BRDA:18,0,1,1
BRDA:20,1,0,0
BRDA:20,1,1,0
BRDA:38,2,0,0
BRDA:38,2,1,0
BRDA:39,3,0,0
BRDA:39,3,1,0
BRDA:64,4,0,0
BRDA:64,4,1,0
BRDA:87,5,0,0
BRDA:87,5,1,0
BRDA:89,6,0,0
BRDA:89,6,1,0
BRDA:112,7,0,0
BRDA:112,7,1,0
BRDA:133,8,0,0
BRDA:133,8,1,0
BRDA:162,9,0,1
BRDA:162,9,1,1
BRDA:180,10,0,0
BRDA:180,10,1,0
BRDA:182,11,0,0
BRDA:182,11,1,0
BRDA:194,12,0,0
BRDA:194,12,1,0
BRDA:212,13,0,0
BRDA:212,13,1,0
BRF:28
BRH:3
end_of_record
